<?xml version="1.0" encoding="UTF-8"?>
<!-- Generated by org.testng.reporters.JUnitReportReporter -->
<testsuite hostname="Tanmoys-Mac-mini.local" name="AllPages.LoginPage" tests="1" failures="0" timestamp="27 Jul 2016 13:13:02 GMT" time="0.012" errors="0">
  <testcase name="page1" time="0.012" classname="AllPages.LoginPage"/>
</testsuite> <!-- AllPages.LoginPage -->
