<?xml version="1.0" encoding="UTF-8"?>
<!-- Generated by org.testng.reporters.JUnitReportReporter -->
<testsuite hostname="Tanmoys-Mac-mini.local" name="Bassclass.Setup" tests="1" failures="0" timestamp="27 Jul 2016 09:23:18 GMT" time="26.684" errors="0">
  <testcase name="LoginREgistration" time="26.684" classname="Bassclass.Setup"/>
</testsuite> <!-- Bassclass.Setup -->
